1604542837741	mozrunner::runner	INFO	Running command: "C:\\Program Files\\Mozilla Firefox\\firefox.exe" "-marionette" "-foreground" "-no-remote" "-profile" "C:\\Users\\ADMINI~1\\AppData\\Local\\Temp\\rust_mozprofileBS5OxR"
JavaScript error: resource://gre/modules/XULStore.jsm, line 66: Error: Can't find profile directory.
console.warn: SearchSettings: "get: No settings file exists, new profile?" (new Error("", "(unknown module)"))
1604542845916	Marionette	INFO	Listening on port 2395
1604542846180	Marionette	WARN	TLS certificate errors will be ignored for this session
JavaScript warning: http://123.57.140.190/themes/manage/layer/jquery-1.9.1.min.js, line 2: Using //@ to indicate sourceMappingURL pragmas is deprecated. Use //# instead
JavaScript warning: http://123.57.140.190/themes/manage/layer/jquery-1.9.1.min.js, line 2: Using //@ to indicate sourceMappingURL pragmas is deprecated. Use //# instead
1604542852867	mozrunner::runner	INFO	Running command: "C:\\Program Files\\Mozilla Firefox\\firefox.exe" "-marionette" "-foreground" "-no-remote" "-profile" "C:\\Users\\AD[Parent 8432, Gecko_IOThread] WARNING: file /builds/worker/checkouts/gecko/ipc/chromium/src/base/process_util_win.cc, line 166
[Parent 8432, Gecko_IOThread] WARNING: file /builds/worker/checkouts/gecko/ipc/chromium/src/base/process_util_win.cc, line 166
1604543021982	Marionette	INFO	Stopped listening on port 2395

###!!! [Child][RunMessage] Error: Channel closing: too late to send/recv, messages will be lost


###!!! [Child][MessageChannel::SendAndWait] Error: Channel error: cannot send/recv

@ to indicate sourceMappingURL pragmas is deprecated. Use //# instead
JavaScript warning: http://123.57.140.190/themes/manage/layer/jquery-1.9.1.min.js, line 2: Using //@ to indicate sourceMappingURL pragmas is deprecated. Use //# instead
JavaScript warning: http://123.57.140.190/themes/manage/layer/jquery-1.9.1.min.js, line 2: Using //@ to indicate sourceMappingURL pragmas is deprecated. Use //# instead
JavaScript warning: http://123.57.140.190/themes/manage/js/jquery.js, line 2: Using //@ to indicate sourceMappingURL pragmas is deprecated. Use //# instead
JavaScript error: http://123.57.140.190/themes/manage/js/common-scripts.js, line 19: TypeError: $.slidebars is not a function
[Parent 9644, Gecko_IOThread] WARNING: file /builds/worker/checkouts/gecko/ipc/chromium/src/base/process_util_win.cc, line 166
1604543021545	Marionette	INFO	Stopped listening on port 2479

###!!! [Child][RunMessage] Error: Channel closing: too late to send/recv, messages will be lost

r: Can't find profile directory.
console.warn: SearchSettings: "get: No settings file exists, new profile?" (new Error("", "(unknown module)"))
1604542882311	Marionette	INFO	Listening on port 2586
1604542882691	Marionette	WARN	TLS certificate errors will be ignored for this session
JavaScript warning: http://123.57.140.190/themes/manage/layer/jquery-1.9.1.min.js, line 2: Using //@ to indicate sourceMappingURL pragmas is deprecated. Use //# instead
JavaScript warning: http://123.57.140.190/themes/manage/layer/jquery-1.9.1.min.js, line 2: Using //@ to indicate sourceMappingURL pragmas is deprecated. Use //# instead
1604542889299	mozrunner::runner	INFO	Running command: "C:\\Program Files\\Mozilla Firefox\\firefox.exe" "-marionette" "-foreground" "-no-remote" "-profile" "C:\\Users\\ADMINI~1\\AppData\\Local\\Temp\\rust_mozprofileAiqTxr"
JavaScript error: resource://gre/modules/XULStore.jsm, line 66: Error: Can't find profile directory.
console.warn: SearchSettings: "get: No settings file exists, new profile?" (new [Parent 10628, Gecko_IOThread] WARNING: file /builds/worker/checkouts/gecko/ipc/chromium/src/base/process_util_win.cc, line 166
[Parent 10628, Gecko_IOThread] WARNING: file /builds/worker/checkouts/gecko/ipc/chromium/src/base/process_util_win.cc, line 166
1604543021664	Marionette	INFO	Stopped listening on port 2586

###!!! [Child][RunMessage] Error: Channel closing: too late to send/recv, messages will be lost


###!!! [Child][MessageChannel::SendAndWait] Error: Channel error: cannot send/recv

ad
1604542904483	mozrunner::runner	INFO	Running command: "C:\\Program Files\\Mozilla Firefox\\firefox.exe" "-marionette" "-foreground" "-no-remote" "-profile" "C:\\Users\\AD[Parent 9192, Gecko_IOThread] WARNING: file /builds/worker/checkouts/gecko/ipc/chromium/src/base/process_util_win.cc, line 166
[Parent 9192, Gecko_IOThread] WARNING: file /builds/worker/checkouts/gecko/ipc/chromium/src/base/process_util_win.cc, line 166
1604543021700	Marionette	INFO	Stopped listening on port 2668

###!!! [Child][RunMessage] Error: Channel closing: too late to send/recv, messages will be lost

warning: http://123.57.140.190/themes/manage/layer/jquery-1.9.1.min.js, line 2: Using //@ to indicate sourceMappingURL pragmas is deprecated. Use //# instead
JavaScript warning: http://123.57.140.190/themes/manage/layer/jquery-1.9.1.min.js, line 2: Using //@ to indicate sourceMappingURL pragmas is deprecated. Use //# instead
1604542919692	mozrunner::runner	INFO	Running command: "C:\\Program Files\\Mozilla Firefox\\firefox.exe" "-marionette" "-foreground" "-no-remote" "-profile" "C:\\Users\\AD1604543021545	Marionette	INFO	Stopped listening on port 2752

###!!! [Child][MessageChannel::SendAndWait] Error: Channel error: cannot send/recv

ry.
console.warn: SearchSettings: "get: No settings file exists, new profile?" (new Error("", "(unknown module)"))
1604542932773	Marionette	INFO	Listening on port 2838
1604542933391	Marionette	WARN	TLS certificate errors will be ignored for this session
JavaScript warning: http://123.57.140.190/themes/manage/layer/jquery-1.9.1.min.js, line 2: Using //@ to indicate sourceMappingURL pragmas is deprecated. Use //# instead
JavaScript warning: http://123.57.140.190/themes/manage/layer/jquery-1.9.1.min.js, line 2: Using //@ to indicate sourceMappingURL pragmas is deprecated. Use //# instead
JavaScript warning: http://123.57.140.190/themes/manage/layer/jquery-1.9.1.min.js, line 2: Using //@ to indicate sourceMappingURL pragmas is deprecated. Use //# instead
1604543021475	Marionette	INFO	Stopped listening on port 2838

###!!! [Child][RunMessage] Error: Channel closing: too late to send/recv, messages will be lost


###!!! [Child][MessageChannel::SendAndWait] Error: Channel error: cannot send/recv

1604543064401	mozrunner::runner	INFO	Running command: "C:\\Program Files\\Mozilla Firefox\\firefox.exe" "-marionette" "-foreground" "-no-remote" "-profile" "C:\\Users\\ADMINI~1\\AppData\\Local\\Temp\\rust_mozprofile904By1"
JavaScript error: resource://gre/modules/XULStore.jsm, line 66: Error: Can't find profile directory.
console.warn: SearchSettings: "get: No settings file exists, new profile?" (new Error("", "(unknown module)"))
1604543071252	Marionette	INFO	Listening on port 2930
1604543071365	Marionette	WARN	TLS certificate errors will be ignored for this session
JavaScript warning: http://123.57.140.190/themes/manage/layer/jquery-1.9.1.min.js, line 2: Using //@ to indicate sourceMappingURL pragmas is deprecated. Use //# instead
JavaScript warning: http://123.57.140.190/themes/manage/layer/jquery-1.9.1.min.js, line 2: Using //@ to indicate sourceMappingURL pragmas is deprecated. Use //# instead
JavaScript warning: http://123.57.140.190/themes/manage/layer/jquery-1.9.1.min.js, line 2: Using //@ to indicate sourceMappingURL pragmas is deprecated. Use //# instead
JavaScript warning: http://123.57.140.190/themes/manage/js/jquery.js, line 2: Using //@ to indicate sourceMappingURL pragmas is deprecated. Use //# instead
JavaScript error: http://123.57.140.190/themes/manage/js/common-scripts.js, line 19: TypeError: $.slidebars is not a function
1604543078042	Marionette	INFO	Stopped listening on port 2930

###!!! [Child][RunMessage] Error: Channel closing: too late to send/recv, messages will be lost


###!!! [Child][MessageChannel::SendAndWait] Error: Channel error: cannot send/recv

1604543083328	mozrunner::runner	INFO	Running command: "C:\\Program Files\\Mozilla Firefox\\firefox.exe" "-marionette" "-foreground" "-no-remote" "-profile" "C:\\Users\\ADMINI~1\\AppData\\Local\\Temp\\rust_mozprofileJflAqW"
JavaScript error: resource://gre/modules/XULStore.jsm, line 66: Error: Can't find profile directory.
console.warn: SearchSettings: "get: No settings file exists, new profile?" (new Error("", "(unknown module)"))
1604543089944	Marionette	INFO	Listening on port 3021
1604543090314	Marionette	WARN	TLS certificate errors will be ignored for this session
JavaScript warning: http://123.57.140.190/themes/manage/layer/jquery-1.9.1.min.js, line 2: Using //@ to indicate sourceMappingURL pragmas is deprecated. Use //# instead
JavaScript warning: http://123.57.140.190/themes/manage/layer/jquery-1.9.1.min.js, line 2: Using //@ to indicate sourceMappingURL pragmas is deprecated. Use //# instead
1604543091887	Marionette	INFO	Stopped listening on port 3021

###!!! [Child][RunMessage] Error: Channel closing: too late to send/recv, messages will be lost

1604543096905	mozrunner::runner	INFO	Running command: "C:\\Program Files\\Mozilla Firefox\\firefox.exe" "-marionette" "-foreground" "-no-remote" "-profile" "C:\\Users\\ADMINI~1\\AppData\\Local\\Temp\\rust_mozprofileyGa7BB"
JavaScript error: resource://gre/modules/XULStore.jsm, line 66: Error: Can't find profile directory.
console.warn: SearchSettings: "get: No settings file exists, new profile?" (new Error("", "(unknown module)"))
1604543103102	Marionette	INFO	Listening on port 3083
1604543103340	Marionette	WARN	TLS certificate errors will be ignored for this session
JavaScript warning: http://123.57.140.190/themes/manage/layer/jquery-1.9.1.min.js, line 2: Using //@ to indicate sourceMappingURL pragmas is deprecated. Use //# instead
JavaScript warning: http://123.57.140.190/themes/manage/layer/jquery-1.9.1.min.js, line 2: Using //@ to indicate sourceMappingURL pragmas is deprecated. Use //# instead
1604543105137	Marionette	INFO	Stopped listening on port 3083
console.warn: services.settings: main/cfr-fxa sync interrupted by shutdown
console.error: Region.jsm: "Error fetching region" (new TypeError("NetworkError when attempting to fetch resource.", ""))
console.error: Region.jsm: "Failed to fetch region" (new Error("NO_RESULT", "resource://gre/modules/Region.jsm", 351))

###!!! [Child][RunMessage] Error: Channel closing: too late to send/recv, messages will be lost


###!!! [Child][MessageChannel::SendAndWait] Error: Channel error: cannot send/recv

1604543110087	mozrunner::runner	INFO	Running command: "C:\\Program Files\\Mozilla Firefox\\firefox.exe" "-marionette" "-foreground" "-no-remote" "-profile" "C:\\Users\\ADMINI~1\\AppData\\Local\\Temp\\rust_mozprofilevQ0X32"
JavaScript error: resource://gre/modules/XULStore.jsm, line 66: Error: Can't find profile directory.
console.warn: SearchSettings: "get: No settings file exists, new profile?" (new Error("", "(unknown module)"))
1604543116706	Marionette	INFO	Listening on port 3141
1604543117056	Marionette	WARN	TLS certificate errors will be ignored for this session
JavaScript warning: http://123.57.140.190/themes/manage/layer/jquery-1.9.1.min.js, line 2: Using //@ to indicate sourceMappingURL pragmas is deprecated. Use //# instead
JavaScript warning: http://123.57.140.190/themes/manage/layer/jquery-1.9.1.min.js, line 2: Using //@ to indicate sourceMappingURL pragmas is deprecated. Use //# instead
1604543118404	Marionette	INFO	Stopped listening on port 3141

###!!! [Child][RunMessage] Error: Channel closing: too late to send/recv, messages will be lost

1604545679149	mozrunner::runner	INFO	Running command: "C:\\Program Files\\Mozilla Firefox\\firefox.exe" "-marionette" "-foreground" "-no-remote" "-profile" "C:\\Users\\ADMINI~1\\AppData\\Local\\Temp\\rust_mozprofileHIvI3f"
JavaScript error: resource://gre/modules/XULStore.jsm, line 66: Error: Can't find profile directory.
console.warn: SearchSettings: "get: No settings file exists, new profile?" (new Error("", "(unknown module)"))
1604545686218	Marionette	INFO	Listening on port 3553
1604545686649	Marionette	WARN	TLS certificate errors will be ignored for this session
JavaScript warning: http://123.57.140.190/themes/manage/layer/jquery-1.9.1.min.js, line 2: Using //@ to indicate sourceMappingURL pragmas is deprecated. Use //# instead
1604545688178	Marionette	INFO	Stopped listening on port 3553
console.error: Region.jsm: "Error fetching region" (new TypeError("NetworkError when attempting to fetch resource.", ""))
console.error: Region.jsm: "Failed to fetch region" (new Error("NO_RESULT", "resource://gre/modules/Region.jsm", 351))

###!!! [Child][RunMessage] Error: Channel closing: too late to send/recv, messages will be lost


###!!! [Child][MessageChannel::SendAndWait] Error: Channel error: cannot send/recv

1604545823552	mozrunner::runner	INFO	Running command: "C:\\Program Files\\Mozilla Firefox\\firefox.exe" "-marionette" "-foreground" "-no-remote" "-profile" "C:\\Users\\ADMINI~1\\AppData\\Local\\Temp\\rust_mozprofileN6AlEZ"
JavaScript error: resource://gre/modules/XULStore.jsm, line 66: Error: Can't find profile directory.
console.warn: SearchSettings: "get: No settings file exists, new profile?" (new Error("", "(unknown module)"))
1604545830198	Marionette	INFO	Listening on port 3634
1604545830402	Marionette	WARN	TLS certificate errors will be ignored for this session
1604545895273	mozrunner::runner	INFO	Running command: "C:\\Program Files\\Mozilla Firefox\\firefox.exe" "-marionette" "-foreground" "-no-remote" "-profile" "C:\\Users\\ADMINI~1\\AppData\\Local\\Temp\\rust_mozprofilephG2mm"
JavaScript error: resource://gre/modules/XULStore.jsm, line 66: Error: Can't find profile directory.
console.warn: SearchSettings: "get: No settings file exists, new profile?" (new Error("", "(unknown module)"))
1604545902288	Marionette	INFO	Listening on port 3691
1604545902891	Marionette	WARN	TLS certificate errors will be ignored for this session
[Parent 12724, Gecko_IOThread] WARNING: file /builds/worker/checkouts/gecko/ipc/chromium/src/base/process_util_win.cc, line 166
[Parent 12724, Gecko_IOThread] WARNING: file /builds/worker/checkouts/gecko/ipc/chromium/src/base/process_util_win.cc, line 166
1604546051465	Marionette	INFO	Stopped listening on port 3691

###!!! [Child][RunMessage] Error: Channel closing: too late to send/recv, messages will be lost


###!!! [Child][MessageChannel::SendAndWait] Error: Channel error: cannot send/recv

onette	WARN	TLS certificate errors will be ignored for this session
[Parent 14064, Gecko_IOThread] WARNING: file /builds/worker/checkouts/gecko/ipc/chromium/src/base/process_util_win.cc, line 166
1604546054896	Marionette	INFO	Stopped listening on port 3738

###!!! [Child][RunMessage] Error: Channel closing: too late to send/recv, messages will be lost


###!!! [Child][MessageChannel::SendAndWait] Error: Channel error: cannot send/recv

ists, new profile?" (new Error("", "(unknown module)"))
1604545924626	Marionette	INFO	Listening on port 3807
1604545924840	Marionette	WARN	TLS certificate errors will be ignored for this session
1604546055602	Marionette	INFO	Stopped listening on port 3807

###!!! [Child][MessageChannel::SendAndWait] Error: Channel error: cannot send/recv

file" "C:\\Users\\ADMINI~1\\AppData\\Local\\Temp\\rust_mozprofileTaTygW"
JavaScript error: resource://gre/modules/XULStore.jsm, line 66: Error: Can't find profile directory.
console.warn: SearchSettings: "get: No settings file exists, new profile?" (new Error("", "(unknown module)"))
1604545936434	Marionette	INFO	Listening on port 3864
1604545937427	Marionette	WARN	TLS certificate errors will be ignored for this session
[Parent 12892, Gecko_IOThread] WARNING: file /builds/worker/checkouts/gecko/ipc/chromium/src/base/process_util_win.cc, line 166
1604546056658	Marionette	INFO	Stopped listening on port 3864

###!!! [Child][RunMessage] ErrJavaScript error: resource://gre/modules/XULStore.jsm, line 66: Error: Can't find profile directory.
console.warn: SearchSettings: "get: No settings file exists, new profile?" (new Error("", "(unknown module)"))
1604546060455	Marionette	INFO	Listening on port 3929
1604546060962	Marionette	WARN	TLS certificate errors will be ignored for this session
JavaScript warning: http://123.57.140.190/themes/manage/layer/jquery-1.9.1.min.js, line 2: Using //@ to indicate sourceMappingURL pragmas is deprecated. Use //# instead
1604546063553	Marionette	INFO	Stopped listening on port 3929

###!!! [Child][RunMessage] Error: Channel closing: too late to send/recv, messages will be lost


###!!! [Child][RunMessage] Error: Channel closing: too late to send/recv, messages will be lost


###!!! [Child][RunMessage] Error: Channel closing: too late to send/recv, messages will be lost


###!!! [Child][RunMessage] Error: Channel closing: too late to send/recv, messages will be lost


###!!! [Child][MessageChannel::SendAndWait] Error: Channel error: cannot send/recv

1604546068541	mozrunner::runner	INFO	Running command: "C:\\Program Files\\Mozilla Firefox\\firefox.exe" "-marionette" "-foreground" "-no-remote" "-profile" "C:\\Users\\ADMINI~1\\AppData\\Local\\Temp\\rust_mozprofileQkl89y"
JavaScript error: resource://gre/modules/XULStore.jsm, line 66: Error: Can't find profile directory.
console.warn: SearchSettings: "get: No settings file exists, new profile?" (new Error("", "(unknown module)"))
1604546075261	Marionette	INFO	Listening on port 3990
1604546075446	Marionette	WARN	TLS certificate errors will be ignored for this session
JavaScript warning: http://123.57.140.190/themes/manage/layer/jquery-1.9.1.min.js, line 2: Using //@ to indicate sourceMappingURL pragmas is deprecated. Use //# instead
JavaScript warning: http://123.57.140.190/themes/manage/layer/jquery-1.9.1.min.js, line 2: Using //@ to indicate sourceMappingURL pragmas is deprecated. Use //# instead
1604546078051	Marionette	INFO	Stopped listening on port 3990
console.error: services.settings: 
  main/cfr Signature failed  TypeError: NetworkError when attempting to fetch resource.

###!!! [Child][RunMessage] Error: Channel closing: too late to send/recv, messages will be lost

1604546083479	mozrunner::runner	INFO	Running command: "C:\\Program Files\\Mozilla Firefox\\firefox.exe" "-marionette" "-foreground" "-no-remote" "-profile" "C:\\Users\\ADMINI~1\\AppData\\Local\\Temp\\rust_mozprofileDIdeJ6"
JavaScript error: resource://gre/modules/XULStore.jsm, line 66: Error: Can't find profile directory.
console.warn: SearchSettings: "get: No settings file exists, new profile?" (new Error("", "(unknown module)"))
1604546090069	Marionette	INFO	Listening on port 4055
1604546090384	Marionette	WARN	TLS certificate errors will be ignored for this session
JavaScript warning: http://123.57.140.190/themes/manage/layer/jquery-1.9.1.min.js, line 2: Using //@ to indicate sourceMappingURL pragmas is deprecated. Use //# instead
JavaScript warning: http://123.57.140.190/themes/manage/layer/jquery-1.9.1.min.js, line 2: Using //@ to indicate sourceMappingURL pragmas is deprecated. Use //# instead
1604546093046	Marionette	INFO	Stopped listening on port 4055

###!!! [Child][RunMessage] Error: Channel closing: too late to send/recv, messages will be lost

[Parent 9404, Gecko_IOThread] WARNING: pipe error: 232: file /builds/worker/checkouts/gecko/ipc/chromium/src/chrome/common/ipc_channel_win.cc, line 545
1604546098157	mozrunner::runner	INFO	Running command: "C:\\Program Files\\Mozilla Firefox\\firefox.exe" "-marionette" "-foreground" "-no-remote" "-profile" "C:\\Users\\ADMINI~1\\AppData\\Local\\Temp\\rust_mozprofileYTCQYy"
JavaScript error: resource://gre/modules/XULStore.jsm, line 66: Error: Can't find profile directory.
console.warn: SearchSettings: "get: No settings file exists, new profile?" (new Error("", "(unknown module)"))
1604546104688	Marionette	INFO	Listening on port 4116
1604546105171	Marionette	WARN	TLS certificate errors will be ignored for this session
JavaScript warning: http://123.57.140.190/themes/manage/layer/jquery-1.9.1.min.js, line 2: Using //@ to indicate sourceMappingURL pragmas is deprecated. Use //# instead
JavaScript warning: http://123.57.140.190/themes/manage/layer/jquery-1.9.1.min.js, line 2: Using //@ to indicate sourceMappingURL pragmas is deprecated. Use //# instead
JavaScript warning: http://123.57.140.190/themes/manage/layer/jquery-1.9.1.min.js, line 2: Using //@ to indicate sourceMappingURL pragmas is deprecated. Use //# instead
JavaScript warning: http://123.57.140.190/themes/manage/js/jquery.js, line 2: Using //@ to indicate sourceMappingURL pragmas is deprecated. Use //# instead
JavaScript error: http://123.57.140.190/themes/manage/js/common-scripts.js, line 19: TypeError: $.slidebars is not a function
1604546111710	Marionette	INFO	Stopped listening on port 4116

###!!! [Child][RunMessage] Error: Channel closing: too late to send/recv, messages will be lost

[Parent 10740, Gecko_IOThread] WARNING: file /builds/worker/checkouts/gecko/ipc/chromium/src/base/process_util_win.cc, line 166

###!!! [Child][RunMessage] Error: Channel closing: too late to send/recv, messages will be lost


###!!! [Child][MessageChannel::SendAndWait] Error: Channel error: cannot send/recv

1604557597023	mozrunner::runner	INFO	Running command: "C:\\Program Files\\Mozilla Firefox\\firefox.exe" "-marionette" "-foreground" "-no-remote" "-profile" "C:\\Users\\ADMINI~1\\AppData\\Local\\Temp\\rust_mozprofilee8r1cW"
JavaScript error: resource://gre/modules/XULStore.jsm, line 66: Error: Can't find profile directory.
console.warn: SearchSettings: "get: No settings file exists, new profile?" (new Error("", "(unknown module)"))
1604557603349	Marionette	INFO	Listening on port 5543
1604557603803	Marionette	WARN	TLS certificate errors will be ignored for this session
JavaScript warning: http://123.57.140.190/themes/manage/layer/jquery-1.9.1.min.js, line 2: Using //@ to indicate sourceMappingURL pragmas is deprecated. Use //# instead
[Parent 468, Gecko_IOThread] WARNING: file /builds/worker/checkouts/gecko/ipc/chromium/src/base/process_util_win.cc, line 166
1604557833580	Marionette	INFO	Stopped listening on port 5543
[Parent 468, Gecko_IOThread] WARNING: pipe error: 232: file /builds/worker/checkouts/gecko/ipc/chromium/src/chrome/common/ipc_channel_win.cc, line 545
archSettings: "get: No settings file exists, new profile?" (new Error("", "(unknown module)"))
1604557620335	Marionette	INFO	Listening on port 5604
1604557620842	Marionette	WARN	TLS certificate errors will be ignored for this session
JavaScript warning: http://123.57.140.190/themes/manage/layer/jquery-1.9.1.min.js, line 2: Using //@ to indicate sourceMappingURL pragmas is deprecated. Use //# instead
JavaScript warning: http://123.57.140.190/themes/manage/layer/jquery-1.9.1.min.js, line 2: Using //@ to indicate sourceMappingURL pragmas is deprecated. Use //# instead
JavaScript warning: http://123.57.140.190/themes/manage/layer/jquery-1.9.1.min.js, line 2: Using //@ to indicate sourceMappingURL pragmas is deprecated. Use //# instead
[Parent 9340, Gecko_IOThread] WARNING: file /builds/worker/checkouts/gecko/ipc/chromium/src/base/process_util_win.cc, line 166
1604557834720	Marionette	INFO	Stopped listening on port 5604

###!!! [Child][MessageChannel::SendAndWait] Error: Channel error: cannot send/recv

line 66: Error: Can't find profile directory.
console.warn: SearchSettings: "get: No settings file exists, new profile?" (new Error("", "(unknown module)"))
1604557637329	Marionette	INFO	Listening on port 5674
1604557637763	Marionette	WARN	TLS certificate errors will be ignored for this session
JavaScript warning: http://123.57.140.190/themes/manage/layer/jquery-1.9.1.min.js, line 2: Using //@ to indicate sourceMappingURL pragmas is deprecated. Use //# instead
JavaScript warning: http://123.57.140.190/themes/manage/layer/jquery-1.9.1.min.js, line 2: Using //@ to indicate sourceMappingURL pragmas is deprecated. Use //# instead
JavaScript warning: http://123.57.140.190/themes/manage/layer/jquery-1.9.1.min.js, line 2: Using //@ to indicate sourceMappingURL pragmas is deprecated. Use //# instead
1604557834289	Marionette	INFO	Stopped listening on port 5674

###!!! [Child][RunMessage] Error: Channel closing: too late to send/recv, messages will be lost


###!!! [Child][MessageChannel::SendAndWait] Error: Channel error: cannot send/recv

/gre/modules/XULStore.jsm, line 66: Error: Can't find profile directory.
console.warn: SearchSettings: "get: No settings file exists, new profile?" (new Error("", "(unknown module)"))
1604557655336	Marionette	INFO	Listening on port 5739
1604557655616	Marionette	WARN	TLS certificate errors will be ignored for this session
JavaScript warning: http://123.57.140.190/themes/manage/layer/jquery-1.9.1.min.js, line 2: Using //@ to indicate sourceMappingURL pragmas is deprecated. Use //# instead
JavaScript warning: http://123.57.140.190/themes/manage/layer/jquery-1.9.1.min.js, line 2: Using //@ to indicate sourceMappingURL pragmas is deprecated. Use //# instead
JavaScript warning: http://123.57.140.190/themes/manage/layer/jquery-1.9.1.min.js, line 2: Using //@ to indicate sourceMappingURL pragmas is deprecated. Use //# instead
JavaScript warning: http://123.57.140.190/themes/manage/js/jquery.js, line 2: Using //@ to indicate sourceMappingURL pragmas is deprecated. Use //# instead
JavaScript error: http://123.57.140.190/themes/manage/js/common-scripts.js, line 19: TypeError: $.slidebars is not a function
[Parent 6932, Gecko_IOThread] WARNING: file /builds/worker/checkouts/gecko/ipc/chromium/src/base/process_util_win.cc, line 166

###!!! [Child][MessageChannel] Error: (msgtype=0x380119,name=PContent::Msg_RecordDiscardedData) Channel closing: too late to send/recv, messages will be lost

1604557834773	Marionette	INFO	Stopped listening on port 5739

###!!! [Child][RunMessage] Error: Channel closing: too late to send/recv, messages will be lost


###!!! [Child][MessageChannel::SendAndWait] Error: Channel error: cannot send/recv

1604557843548	mozrunner::runner	INFO	Running command: "C:\\Program Files\\Mozilla Firefox\\firefox.exe" "-marionette" "-foreground" "-no-remote" "-profile" "C:\\Users\\ADMINI~1\\AppData\\Local\\Temp\\rust_mozprofileY383Wb"
JavaScript error: resource://gre/modules/XULStore.jsm, line 66: Error: Can't find profile directory.
console.warn: SearchSettings: "get: No settings file exists, new profile?" (new Error("", "(unknown module)"))
1604557849541	Marionette	INFO	Listening on port 5856
1604557849750	Marionette	WARN	TLS certificate errors will be ignored for this session
JavaScript warning: http://123.57.140.190/themes/manage/layer/jquery-1.9.1.min.js, line 2: Using //@ to indicate sourceMappingURL pragmas is deprecated. Use //# instead
console.error: Region.jsm: "Error fetching region" (new AbortError("The operation was aborted. ", (void 0), 697))
console.error: Region.jsm: "Failed to fetch region" (new Error("NO_RESULT", "resource://gre/modules/Region.jsm", 351))
[Parent 11120, Gecko_IOThread] WARNING: file /builds/worker/checkouts/gecko/ipc/chromium/src/base/process_util_win.cc, line 166
1604557943599	Marionette	INFO	Stopped listening on port 5856

###!!! [Child][MessageChannel::SendAndWait] Error: Channel error: cannot send/recv

ine 66: Error: Can't find profile directory.
console.warn: SearchSettings: "get: No settings file exists, new profile?" (new Error("", "(unknown module)"))
1604557874058	Marionette	INFO	Listening on port 5915
1604557874182	Marionette	WARN	TLS certificate errors will be ignored for this session
JavaScript warning: http://123.57.140.190/themes/manage/layer/jquery-1.9.1.min.js, line 2: Using //@ to indicate sourceMappingURL pragmas is deprecated. Use //# instead
JavaScript warning: http://123.57.140.190/themes/manage/layer/jquery-1.9.1.min.js, line 2: Using //@ to indicate sourceMappingURL pragmas is deprecated. Use //# instead
JavaScript warning: http://123.57.140.190/themes/manage/layer/jquery-1.9.1.min.js, line 2: Using //@ to indicate sourceMappingURL pragmas is deprecated. Use //# instead
1604557943295	Marionette	INFO	Stopped listening on port 5915

###!!! [Child][RunMessage] Error: Channel closing: too late to send/recv, messages will be lost


###!!! [Child][MessageChannel::SendAndWait] Error: Channel error: cannot send/recv

/gre/modules/XULStore.jsm, line 66: Error: Can't find profile directory.
console.warn: SearchSettings: "get: No settings file exists, new profile?" (new Error("", "(unknown module)"))
1604557894583	Marionette	INFO	Listening on port 5998
1604557895148	Marionette	WARN	TLS certificate errors will be ignored for this session
JavaScript warning: http://123.57.140.190/themes/manage/layer/jquery-1.9.1.min.js, line 2: Using //@ to indicate sourceMappingURL pragmas is deprecated. Use //# instead
JavaScript warning: http://123.57.140.190/themes/manage/layer/jquery-1.9.1.min.js, line 2: Using //@ to indicate sourceMappingURL pragmas is deprecated. Use //# instead
JavaScript warning: http://123.57.140.190/themes/manage/layer/jquery-1.9.1.min.js, line 2: Using //@ to indicate sourceMappingURL pragmas is deprecated. Use //# instead
[Parent 8344, Gecko_IOThread] WARNING: file /builds/worker/checkouts/gecko/ipc/chromium/src/base/process_util_win.cc, line 166
1604557943703	Marionette	INFO	Stopped listening on port 5998

###!!! [Child][MessageChannel::SendAndWait] Error: Channel error: cannot send/recv

line 66: Error: Can't find profile directory.
console.warn: SearchSettings: "get: No settings file exists, new profile?" (new Error("", "(unknown module)"))
1604557916894	Marionette	INFO	Listening on port 6070
1604557917156	Marionette	WARN	TLS certificate errors will be ignored for this session
JavaScript warning: http://123.57.140.190/themes/manage/layer/jquery-1.9.1.min.js, line 2: Using //@ to indicate sourceMappingURL pragmas is deprecated. Use //# instead

###!!! [Child][RunMessage] Error: Channel closing: too late to send/recv, messages will be lost

JavaScript warning: http://123.57.140.190/themes/manage/layer/jquery-1.9.1.min.js, line 2: Using //@ to indicate sourceMappingURL pragmas is deprecated. Use //# instead
console.error: Region.jsm: "Error fetching region" (new AbortError("The operation was aborted. ", (void 0), 697))
console.error: Region.jsm: "Failed to fetch region" (new Error("NO_RESULT", "resource://gre/modules/Region.jsm", 351))
JavaScript warning: http://123.57.140.190/themes/manage/layer/jquery-1.9.1.min.js, line 2: Using //@ to indicate sourceMappingURL pragmas is deprecated. Use //# instead
JavaScript warning: http://123.57.140.190/themes/manage/js/jquery.js, line 2: Using //@ to indicate sourceMappingURL pragmas is deprecated. Use //# instead
JavaScript error: http://123.57.140.190/themes/manage/js/common-scripts.js, line 19: TypeError: $.slidebars is not a function
JavaScript error: resource://gre/modules/UrlClassifierListManager.jsm, line 691: TypeError: this.tablesData[table] is undefined
[Parent 4648, Gecko_IOThread] WARNING: file /builds/worker/checkouts/gecko/ipc/chromium/src/base/process_util_win.cc, line 166
1604557943556	Marionette	INFO	Stopped listening on port 6070

###!!! [Child][MessageChannel::SendAndWait] Error: Channel error: cannot send/recv

1604558112087	mozrunner::runner	INFO	Running command: "C:\\Program Files\\Mozilla Firefox\\firefox.exe" "-marionette" "-foreground" "-no-remote" "-profile" "C:\\Users\\ADMINI~1\\AppData\\Local\\Temp\\rust_mozprofile7Mj8nG"
JavaScript error: resource://gre/modules/XULStore.jsm, line 66: Error: Can't find profile directory.
console.warn: SearchSettings: "get: No settings file exists, new profile?" (new Error("", "(unknown module)"))
1604558119510	Marionette	INFO	Listening on port 6252
1604558119698	Marionette	WARN	TLS certificate errors will be ignored for this session
JavaScript warning: http://123.57.140.190/themes/manage/layer/jquery-1.9.1.min.js, line 2: Using //@ to indicate sourceMappingURL pragmas is deprecated. Use //# instead

###!!! [Child][RunMessage] Error: Channel closing: too late to send/recv, messages will be lost

1604558436190	Marionette	INFO	Stopped listening on port 6252

###!!! [Child][MessageChannel::SendAndWait] Error: Channel error: cannot send/recv

file" "C:\\Users\\ADMINI~1\\AppData\\Local\\Temp\\rust_mozprofileFEteTN"
JavaScript error: resource://gre/modules/XULStore.jsm, line 66: Error: Can't find profile directory.
console.warn: SearchSettings: "get: No settings file exists, new profile?" (new Error("", "(unknown module)"))
1604558141251	Marionette	INFO	Listening on port 6336
1604558141654	Marionette	WARN	TLS certificate errors will be ignored for this session
JavaScript warning: http://123.57.140.190/themes/manage/layer/jquery-1.9.1.min.js, line 2: Using //@ to indicate sourceMappingURL pragmas is deprecated. Use //# instead
JavaScript warning: http://123.57.140.190/themes/manage/layer/jquery-1.9.1.min.js, line 2: Using //@ to indicate sourceMappingURL pragmas is deprecated. Use //# instead
JavaScript warning: http://123.57.140.190/themes/manage/layer/jquery-1.9.1.min.js, line 2: Using //@ to indicate sourceMappingURL pragmas is deprecated. Use //# instead
1604558436332	Marionette	INFO	Stopped listening on port 6336

###!!! [Child][RunMessage] Error: Channel closing: too late to send/recv, messages will be lost


###!!! [Child][MessageChannel::SendAndWait] Error: Channel error: cannot send/recv

/gre/modules/XULStore.jsm, line 66: Error: Can't find profile directory.
console.warn: SearchSettings: "get: No settings file exists, new profile?" (new Error("", "(unknown module)"))
1604558160139	Marionette	INFO	Listening on port 6408
1604558160393	Marionette	WARN	TLS certificate errors will be ignored for this session
JavaScript warning: http://123.57.140.190/themes/manage/layer/jquery-1.9.1.min.js, line 2: Using //@ to indicate sourceMappingURL pragmas is deprecated. Use //# instead
JavaScript warning: http://123.57.140.190/themes/manage/layer/jquery-1.9.1.min.js, line 2: Using //@ to indicate sourceMappingURL pragmas is deprecated. Use //# instead
JavaScript warning: http://123.57.140.190/themes/manage/layer/jquery-1.9.1.min.js, line 2: Using //@ to indicate sourceMappingURL pragmas is deprecated. Use //# instead
1604558436223	Marionette	INFO	Stopped listening on port 6408

###!!! [Child][RunMessage] Error: Channel closing: too late to send/recv, messages will be lost

ers\\ADMINI~1\\AppData\\Local\\Temp\\rust_mozprofileWCTecL"
JavaScript error: resource://gre/modules/XULStore.jsm, line 66: Error: Can't find profile directory.
console.warn: SearchSettings: "get: No settings file exists, new profile?" (new Error("", "(unknown module)"))
1604558178614	Marionette	INFO	Listening on port 6481
1604558178961	Marionette	WARN	TLS certificate errors will be ignored for this session
JavaScript warning: http://123.57.140.190/themes/manage/layer/jquery-1.9.1.min.js, line 2: Using //@ to indicate sourceMappingURL pragmas is deprecated. Use //# instead
JavaScript warning: http://123.57.140.190/themes/manage/layer/jquery-1.9.1.min.js, line 2: Using //@ to indicate sourceMappingURL pragmas is deprecated. Use //# instead
console.error: Region.jsm: "Error fetching region" (new AbortError("The operation was aborted. ", (void 0), 697))
console.error: Region.jsm: "Failed to fetch region" (new Error("NO_RESULT", "resource://gre/modules/Region.jsm", 351))
JavaScript warning: http://123.57.140.190/themes/manage/layer/jquery-1.9.1.min.js, line 2: Using //@ to indicate sourceMappingURL pragmas is deprecated. Use //# instead
JavaScript warning: http://123.57.140.190/themes/manage/js/jquery.js, line 2: Using //@ to indicate sourceMappingURL pragmas is deprecated. Use //# instead
JavaScript error: http://123.57.140.190/themes/manage/js/common-scripts.js, line 19: TypeError: $.slidebars is not a function
1604558436538	Marionette	INFO	Stopped listening on port 6481

###!!! [Child][RunMessage] Error: Channel closing: too late to send/recv, messages will be lost


###!!! [Child][MessageChannel::SendAndWait] Error: Channel error: cannot send/recv

1604562541201	mozrunner::runner	INFO	Running command: "C:\\Program Files\\Mozilla Firefox\\firefox.exe" "-marionette" "-foreground" "-no-remote" "-profile" "C:\\Users\\ADMINI~1\\AppData\\Local\\Temp\\rust_mozprofileTe5G4C"
JavaScript error: resource://gre/modules/XULStore.jsm, line 66: Error: Can't find profile directory.
console.warn: SearchSettings: "get: No settings file exists, new profile?" (new Error("", "(unknown module)"))
1604562548370	Marionette	INFO	Listening on port 7282
1604562548698	Marionette	WARN	TLS certificate errors will be ignored for this session
JavaScript warning: http://123.57.140.190/themes/manage/layer/jquery-1.9.1.min.js, line 2: Using //@ to indicate sourceMappingURL pragmas is deprecated. Use //# instead
JavaScript warning: http://123.57.140.190/themes/manage/layer/jquery-1.9.1.min.js, line 2: Using //@ to indicate sourceMappingURL pragmas is deprecated. Use //# instead
JavaScript warning: http://123.57.140.190/themes/manage/layer/jquery-1.9.1.min.js, line 2: Using //@ to indicate sourceMappingURL pragmas is deprecated. Use //# instead
JavaScript warning: http://123.57.140.190/themes/manage/layer/jquery-1.9.1.min.js, line 2: Using //@ to indicate sourceMappingURL pragmas is deprecated. Use //# instead
JavaScript warning: http://123.57.140.190/themes/manage/js/jquery.js, line 2: Using //@ to indicate sourceMappingURL pragmas is deprecated. Use //# instead
JavaScript error: http://123.57.140.190/themes/manage/js/common-scripts.js, line 19: TypeError: $.slidebars is not a function
1604562570838	Marionette	INFO	Stopped listening on port 7282
[Parent 12032, Gecko_IOThread] WARNING: file /builds/worker/checkouts/gecko/ipc/chromium/src/base/process_util_win.cc, line 166

###!!! [Child][RunMessage] Error: Channel closing: too late to send/recv, messages will be lost


###!!! [Child][MessageChannel::SendAndWait] Error: Channel error: cannot send/recv

1604562658358	mozrunner::runner	INFO	Running command: "C:\\Program Files\\Mozilla Firefox\\firefox.exe" "-marionette" "-foreground" "-no-remote" "-profile" "C:\\Users\\ADMINI~1\\AppData\\Local\\Temp\\rust_mozprofileHxsKHw"
JavaScript error: resource://gre/modules/XULStore.jsm, line 66: Error: Can't find profile directory.
console.warn: SearchSettings: "get: No settings file exists, new profile?" (new Error("", "(unknown module)"))
1604562664942	Marionette	INFO	Listening on port 7393
1604562665230	Marionette	WARN	TLS certificate errors will be ignored for this session
JavaScript warning: http://123.57.140.190/themes/manage/layer/jquery-1.9.1.min.js, line 2: Using //@ to indicate sourceMappingURL pragmas is deprecated. Use //# instead
1604562829144	mozrunner::runner	INFO	Running command: "C:\\Program Files\\Mozilla Firefox\\firefox.exe" "-marionette" "-foreground" "-no-remote" "-profile" "C:\\Users\\ADMINI~1\\AppData\\Local\\Temp\\rust_mozprofile2ISxdu"
JavaScript error: resource://gre/modules/XULStore.jsm, line 66: Error: Can't find profile directory.
console.warn: SearchSettings: "get: No settings file exists, new profile?" (new Error("", "(unknown module)"))
1604562835628	Marionette	INFO	Listening on port 7459
1604562836005	Marionette	WARN	TLS certificate errors will be ignored for this session
JavaScript warning: http://123.57.140.190/themes/manage/layer/jquery-1.9.1.min.js, line 2: Using //@ to indicate sourceMappingURL pragmas is deprecated. Use //# instead
console.error: Region.jsm: "Error fetching region" (new AbortError("The operation was aborted. ", (void 0), 697))
console.error: Region.jsm: "Failed to fetch region" (new Error("NO_RESULT", "resource://gre/modules/Region.jsm", 351))
JavaScript warning: http://123.57.140.190/themes/manage/layer/jquery-1.9.1.min.js, line 2: Using //@ to indicate sourceMappingURL pragmas is deprecated. Use //# instead
JavaScript warning: http://123.57.140.190/themes/manage/layer/jquery-1.9.1.min.js, line 2: Using //@ to indicate sourceMappingURL pragmas is deprecated. Use //# instead
JavaScript warning: http://123.57.140.190/themes/manage/layer/jquery-1.9.1.min.js, line 2: Using //@ to indicate sourceMappingURL pragmas is deprecated. Use //# instead
JavaScript warning: http://123.57.140.190/themes/manage/js/jquery.js, line 2: Using //@ to indicate sourceMappingURL pragmas is deprecated. Use //# instead
JavaScript error: http://123.57.140.190/themes/manage/js/common-scripts.js, line 19: TypeError: $.slidebars is not a function
1604562860298	Marionette	INFO	Stopped listening on port 7459
[Parent 3832, Gecko_IOThread] WARNING: pipe error: 232: file /builds/worker/checkouts/gecko/ipc/chromium/src/chrome/common/ipc_channel_win.cc, line 545
[Parent 3832, Gecko_IOThread] WARNING: file /builds/worker/checkouts/gecko/ipc/chromium/src/base/process_util_win.cc, line 166
[Parent 3832, Gecko_IOThread] WARNING: file /builds/worker/checkouts/gecko/ipc/chromium/src/base/process_util_win.cc, line 166

###!!! [Child][RunMessage] Error: Channel closing: too late to send/recv, messages will be lost

1604562985179	mozrunner::runner	INFO	Running command: "C:\\Program Files\\Mozilla Firefox\\firefox.exe" "-marionette" "-foreground" "-no-remote" "-profile" "C:\\Users\\ADMINI~1\\AppData\\Local\\Temp\\rust_mozprofileniWQZA"
JavaScript error: resource://gre/modules/XULStore.jsm, line 66: Error: Can't find profile directory.
console.warn: SearchSettings: "get: No settings file exists, new profile?" (new Error("", "(unknown module)"))
1604562991689	Marionette	INFO	Listening on port 7644
1604562992041	Marionette	WARN	TLS certificate errors will be ignored for this session
JavaScript warning: http://123.57.140.190/themes/manage/layer/jquery-1.9.1.min.js, line 2: Using //@ to indicate sourceMappingURL pragmas is deprecated. Use //# instead
JavaScript warning: http://123.57.140.190/themes/manage/layer/jquery-1.9.1.min.js, line 2: Using //@ to indicate sourceMappingURL pragmas is deprecated. Use //# instead
JavaScript warning: http://123.57.140.190/themes/manage/layer/jquery-1.9.1.min.js, line 2: Using //@ to indicate sourceMappingURL pragmas is deprecated. Use //# instead
JavaScript warning: http://123.57.140.190/themes/manage/layer/jquery-1.9.1.min.js, line 2: Using //@ to indicate sourceMappingURL pragmas is deprecated. Use //# instead
JavaScript warning: http://123.57.140.190/themes/manage/js/jquery.js, line 2: Using //@ to indicate sourceMappingURL pragmas is deprecated. Use //# instead
JavaScript error: http://123.57.140.190/themes/manage/js/common-scripts.js, line 19: TypeError: $.slidebars is not a function
1604563021391	Marionette	INFO	Stopped listening on port 7644
[Parent 13936, Gecko_IOThread] WARNING: file /builds/worker/checkouts/gecko/ipc/chromium/src/base/process_util_win.cc, line 166
[Parent 13936, Gecko_IOThread] WARNING: file /builds/worker/checkouts/gecko/ipc/chromium/src/base/process_util_win.cc, line 166

###!!! [Child][RunMessage] Error: Channel closing: too late to send/recv, messages will be lost


###!!! [Child][MessageChannel::SendAndWait] Error: Channel error: cannot send/recv

1604563174436	mozrunner::runner	INFO	Running command: "C:\\Program Files\\Mozilla Firefox\\firefox.exe" "-marionette" "-foreground" "-no-remote" "-profile" "C:\\Users\\ADMINI~1\\AppData\\Local\\Temp\\rust_mozprofilegN7hh4"
JavaScript error: resource://gre/modules/XULStore.jsm, line 66: Error: Can't find profile directory.
console.warn: SearchSettings: "get: No settings file exists, new profile?" (new Error("", "(unknown module)"))
1604563181124	Marionette	INFO	Listening on port 7761
1604563181339	Marionette	WARN	TLS certificate errors will be ignored for this session
JavaScript warning: http://123.57.140.190/themes/manage/layer/jquery-1.9.1.min.js, line 2: Using //@ to indicate sourceMappingURL pragmas is deprecated. Use //# instead
JavaScript warning: http://123.57.140.190/themes/manage/layer/jquery-1.9.1.min.js, line 2: Using //@ to indicate sourceMappingURL pragmas is deprecated. Use //# instead
JavaScript warning: http://123.57.140.190/themes/manage/layer/jquery-1.9.1.min.js, line 2: Using //@ to indicate sourceMappingURL pragmas is deprecated. Use //# instead
JavaScript warning: http://123.57.140.190/themes/manage/layer/jquery-1.9.1.min.js, line 2: Using //@ to indicate sourceMappingURL pragmas is deprecated. Use //# instead
JavaScript warning: http://123.57.140.190/themes/manage/js/jquery.js, line 2: Using //@ to indicate sourceMappingURL pragmas is deprecated. Use //# instead
JavaScript error: http://123.57.140.190/themes/manage/js/common-scripts.js, line 19: TypeError: $.slidebars is not a function
1604563211796	Marionette	INFO	Stopped listening on port 7761

###!!! [Child][RunMessage] Error: Channel closing: too late to send/recv, messages will be lost

1604563268388	mozrunner::runner	INFO	Running command: "C:\\Program Files\\Mozilla Firefox\\firefox.exe" "-marionette" "-foreground" "-no-remote" "-profile" "C:\\Users\\ADMINI~1\\AppData\\Local\\Temp\\rust_mozprofileggm2aX"
JavaScript error: resource://gre/modules/XULStore.jsm, line 66: Error: Can't find profile directory.
console.warn: SearchSettings: "get: No settings file exists, new profile?" (new Error("", "(unknown module)"))
1604563274686	Marionette	INFO	Listening on port 7860
1604563274795	Marionette	WARN	TLS certificate errors will be ignored for this session
JavaScript warning: http://123.57.140.190/themes/manage/layer/jquery-1.9.1.min.js, line 2: Using //@ to indicate sourceMappingURL pragmas is deprecated. Use //# instead
JavaScript warning: http://123.57.140.190/themes/manage/layer/jquery-1.9.1.min.js, line 2: Using //@ to indicate sourceMappingURL pragmas is deprecated. Use //# instead
JavaScript warning: http://123.57.140.190/themes/manage/layer/jquery-1.9.1.min.js, line 2: Using //@ to indicate sourceMappingURL pragmas is deprecated. Use //# instead
JavaScript warning: http://123.57.140.190/themes/manage/layer/jquery-1.9.1.min.js, line 2: Using //@ to indicate sourceMappingURL pragmas is deprecated. Use //# instead
JavaScript warning: http://123.57.140.190/themes/manage/js/jquery.js, line 2: Using //@ to indicate sourceMappingURL pragmas is deprecated. Use //# instead
JavaScript error: http://123.57.140.190/themes/manage/js/common-scripts.js, line 19: TypeError: $.slidebars is not a function
1604563303596	Marionette	INFO	Stopped listening on port 7860

###!!! [Child][MessageChannel::SendAndWait] Error: Channel error: cannot send/recv

1604566682020	mozrunner::runner	INFO	Running command: "C:\\Program Files\\Mozilla Firefox\\firefox.exe" "-marionette" "-foreground" "-no-remote" "-profile" "C:\\Users\\ADMINI~1\\AppData\\Local\\Temp\\rust_mozprofile2l6n0I"
JavaScript error: resource://gre/modules/XULStore.jsm, line 66: Error: Can't find profile directory.
console.warn: SearchSettings: "get: No settings file exists, new profile?" (new Error("", "(unknown module)"))
1604566688660	Marionette	INFO	Listening on port 8276
1604566688870	Marionette	WARN	TLS certificate errors will be ignored for this session
JavaScript warning: http://123.57.140.190/themes/manage/layer/jquery-1.9.1.min.js, line 2: Using //@ to indicate sourceMappingURL pragmas is deprecated. Use //# instead
1604567004473	Marionette	INFO	Stopped listening on port 8276

###!!! [Child][RunMessage] Error: Channel closing: too late to send/recv, messages will be lost


###!!! [Child][MessageChannel::SendAndWait] Error: Channel error: cannot send/recv

1604567943509	mozrunner::runner	INFO	Running command: "C:\\Program Files\\Mozilla Firefox\\firefox.exe" "-marionette" "-foreground" "-no-remote" "-profile" "C:\\Users\\ADMINI~1\\AppData\\Local\\Temp\\rust_mozprofileUksutG"
JavaScript error: resource://gre/modules/XULStore.jsm, line 66: Error: Can't find profile directory.
console.warn: SearchSettings: "get: No settings file exists, new profile?" (new Error("", "(unknown module)"))
1604567949780	Marionette	INFO	Listening on port 8424
1604567950260	Marionette	WARN	TLS certificate errors will be ignored for this session
JavaScript warning: http://123.57.140.190/themes/manage/layer/jquery-1.9.1.min.js, line 2: Using //@ to indicate sourceMappingURL pragmas is deprecated. Use //# instead
console.error: Region.jsm: "Error fetching region" (new AbortError("The operation was aborted. ", (void 0), 697))
console.error: Region.jsm: "Failed to fetch region" (new Error("NO_RESULT", "resource://gre/modules/Region.jsm", 351))
1604568295016	mozrunner::runner	INFO	Running command: "C:\\Program Files\\Mozilla Firefox\\firefox.exe" "-marionette" "-foreground" "-no-remote" "-profile" "C:\\Users\\ADMINI~1\\AppData\\Local\\Temp\\rust_mozprofileqsAla1"
JavaScript error: resource://gre/modules/XULStore.jsm, line 66: Error: Can't find profile directory.
console.warn: SearchSettings: "get: No settings file exists, new profile?" (new Error("", "(unknown module)"))
1604568301373	Marionette	INFO	Listening on port 8500
1604568301800	Marionette	WARN	TLS certificate errors will be ignored for this session
JavaScript warning: http://123.57.140.190/themes/manage/layer/jquery-1.9.1.min.js, line 2: Using //@ to indicate sourceMappingURL pragmas is deprecated. Use //# instead
console.error: Region.jsm: "Error fetching region" (new AbortError("The operation was aborted. ", (void 0), 697))
console.error: Region.jsm: "Failed to fetch region" (new Error("NO_RESULT", "resource://gre/modules/Region.jsm", 351))
1604568474228	Marionette	INFO	Stopped listening on port 8500

###!!! [Child][RunMessage] Error: Channel closing: too late to send/recv, messages will be lost


###!!! [Child][MessageChannel::SendAndWait] Error: Channel error: cannot send/recv

/gre/modules/XULStore.jsm, line 66: Error: Can't find profile directory.
console.warn: SearchSettings: "get: No settings file exists, new profile?" (new Error("", "(unknown module)"))
1604568390813	Marionette	INFO	Listening on port 8579
1604568391063	Marionette	WARN	TLS certificate errors will be ignored for this session
JavaScript warning: http://123.57.140.190/themes/manage/layer/jquery-1.9.1.min.js, line 2: Using //@ to indicate sourceMappingURL pragmas is deprecated. Use //# instead
1604568474377	Marionette	INFO	Stopped listening on port 8579

###!!! [Child][RunMessage] Error: Channel closing: too late to send/recv, messages will be lost


###!!! [Child][MessageChannel::SendAndWait] Error: ChannelJavaScript error: resource://gre/modules/XULStore.jsm, line 66: Error: Can't find profile directory.
console.warn: SearchSettings: "get: No settings file exists, new profile?" (new Error("", "(unknown module)"))
1604568479693	Marionette	INFO	Listening on port 8665
1604568479987	Marionette	WARN	TLS certificate errors will be ignored for this session
JavaScript warning: http://123.57.140.190/themes/manage/layer/jquery-1.9.1.min.js, line 2: Using //@ to indicate sourceMappingURL pragmas is deprecated. Use //# instead
JavaScript warning: http://123.57.140.190/themes/manage/layer/jquery-1.9.1.min.js, line 2: Using //@ to indicate sourceMappingURL pragmas is deprecated. Use //# instead
JavaScript warning: http://123.57.140.190/themes/manage/layer/jquery-1.9.1.min.js, line 2: Using //@ to indicate sourceMappingURL pragmas is deprecated. Use //# instead
JavaScript warning: http://123.57.140.190/themes/manage/layer/jquery-1.9.1.min.js, line 2: Using //@ to indicate sourceMappingURL pragmas is deprecated. Use //# instead
JavaScript warning: http://123.57.140.190/themes/manage/js/jquery.js, line 2: Using //@ to indicate sourceMappingURL pragmas is deprecated. Use //# instead
JavaScript error: http://123.57.140.190/themes/manage/js/common-scripts.js, line 19: TypeError: $.slidebars is not a function
JavaScript error: resource://devtools/shared/protocol/Front.js, line 98: Error: Connection closed, pending request to server0.conn0.child2/domnode271, type setNodeValue failed

Request stack:
request@resource://devtools/shared/protocol/Front.js:274:14
generateRequestMethods/</frontProto[name]@resource://devtools/shared/protocol/Front/FrontClassWithSpec.js:46:19
showTextEditor/done/</<@resource://devtools/client/inspector/markup/views/text-editor.js:101:25
do@resource://devtools/client/shared/undo.js:70:16
endBatch@resource://devtools/client/shared/undo.js:81:11
do@resource://devtools/client/shared/undo.js:94:10
showTextEditor/done/<@resource://devtools/client/inspector/markup/views/text-editor.js:99:31
process@resource://gre/modules/Promise-backend.js:961:38
walkerLoop@resource://gre/modules/Promise-backend.js:845:29
Promise*scheduleWalkerLoop@resource://gre/modules/Promise-backend.js:775:19
schedulePromise@resource://gre/modules/Promise-backend.js:809:12
completePromise@resource://gre/modules/Promise-backend.js:741:12

1604574474931	Marionette	INFO	Stopped listening on port 8665

###!!! [Child][MessageChannel::SendAndWait] Error: Channel error: cannot send/recv

ourceMappingURL pragmas is deprecated. Use //# instead
JavaScript warning: http://123.57.140.190/themes/manage/js/jquery.js, line 2: Using //@ to indicate sourceMappingURL pragmas is deprecated. Use //# instead
JavaScript error: http://123.57.140.190/themes/manage/js/common-scripts.js, line 19: TypeError: $.slidebars is not a function
1604574474613	Marionette	INFO	Stopped listening on port 8849

###!!! [Child][RunMessage] Error: Channel closing: too late to send/recv, messages will be lost


###!!! [Child][MessageChannel::SendAndWait] Error: Channel error: cannot send/recv

/gre/modules/XULStore.jsm, line 66: Error: Can't find profile directory.
console.warn: SearchSettings: "get: No settings file exists, new profile?" (new Error("", "(unknown module)"))
1604570082162	Marionette	INFO	Listening on port 8981
1604570082632	Marionette	WARN	TLS certificate errors will be ignored for this session
JavaScript warning: http://123.57.140.190/themes/manage/layer/jquery-1.9.1.min.js, line 2: Using //@ to indicate sourceMappingURL pragmas is deprecated. Use //# instead
JavaScript warning: http://123.57.140.190/themes/manage/layer/jquery-1.9.1.min.js, line 2: Using //@ to indicate sourceMappingURL pragmas is deprecated. Use //# instead
JavaScript warning: http://123.57.140.190/themes/manage/layer/jquery-1.9.1.min.js, line 2: Using //@ to indicate sourceMappingURL pragmas is deprecated. Use //# instead
JavaScript warning: http://123.57.140.190/themes/manage/layer/jquery-1.9.1.min.js, line 2: Using //@ to indicate sourceMappingURL pragmas is deprecated. Use //# instead
JavaScript warning: http://123.57.140.190/themes/manage/js/jquery.js, line 2: Using //@ to indicate sourceMappingURL pragmas is deprecated. Use //# instead
JavaScript error: http://123.57.140.190/themes/manage/js/common-scripts.js, line 19: TypeError: $.slidebars is not a function
[Parent 7212, Gecko_IOThread] WARNING: file /builds/worker/checkouts/gecko/ipc/chromium/src/base/process_util_win.cc, line 166

###!!! [Parent][RunMessage] Error: Channel error: cannot send/recv

1604574474621	Marionette	INFO	Stopped listening on port 8981

###!!! [Child][RunMessage] Error: Channel closing: too late to send/recv, messages will be lost


###!!! [Child][MessageChannel::SendAndWait] Error: Channel error: cannot send/recv

Marionette	INFO	Listening on port 9084
1604570213980	Marionette	WARN	TLS certificate errors will be ignored for this session
JavaScript warning: http://123.57.140.190/themes/manage/layer/jquery-1.9.1.min.js, line 2: Using //@ to indicate sourceMappingURL pragmas is deprecated. Use //# instead
JavaScript warning: http://123.57.140.190/themes/manage/layer/jquery-1.9.1.min.js, line 2: Using //@ to indicate sourceMappingURL pragmas is deprecated. Use //# instead
JavaScript warning: http://123.57.140.190/themes/manage/layer/jquery-1.9.1.min.js, line 2: Using //@ to indicate sourceMappingURL pragmas is deprecated. Use //# instead
JavaScript warning: http://123.57.140.190/themes/manage/layer/jquery-1.9.1.min.js, line 2: Using //@ to indicate sourceMappingURL pragmas is deprecated. Use //# instead
JavaScript warning: http://123.57.140.190/themes/manage/js/jquery.js, line 2: Using //@ to indicate sourceMappingURL pragmas is deprecated. Use //# instead
JavaScript error: http://123.57.140.190/themes/manage/js/common-scripts.js, line 19: TypeError: $.slidebars is not a function
[Parent 9432, Gecko_IOThread] WARNING: file /builds/worker/checkouts/gecko/ipc/chromium/src/base/process_util_win.cc, line 166
[Parent 9432, Gecko_IOThread] WARNING: file /builds/worker/checkouts/gecko/ipc/chromium/src/base/process_util_win.cc, line 166
1604574474650	Marionette	INFO	Stopped listening on port 9084

###!!! [Child][RunMessage] Error: Channel closing: too late to send/recv, messages will be lost


###!!! [Child][MessageChannel::SendAndWait] Error: Channel error: cannot send/recv

1604972575475	mozrunner::runner	INFO	Running command: "C:\\Program Files\\Mozilla Firefox\\firefox.exe" "-marionette" "-foreground" "-no-remote" "-profile" "C:\\Users\\ADMINI~1\\AppData\\Local\\Temp\\rust_mozprofileVwaujb"
JavaScript error: resource://gre/modules/XULStore.jsm, line 66: Error: Can't find profile directory.
console.warn: SearchSettings: "get: No settings file exists, new profile?" (new Error("", "(unknown module)"))
1604972580457	Marionette	INFO	Listening on port 2629
1604972580661	Marionette	WARN	TLS certificate errors will be ignored for this session
JavaScript warning: http://123.57.140.190/themes/manage/layer/jquery-1.9.1.min.js, line 2: Using //@ to indicate sourceMappingURL pragmas is deprecated. Use //# instead
JavaScript warning: http://123.57.140.190/themes/manage/layer/jquery-1.9.1.min.js, line 2: Using //@ to indicate sourceMappingURL pragmas is deprecated. Use //# instead
JavaScript warning: http://123.57.140.190/themes/manage/layer/jquery-1.9.1.min.js, line 2: Using //@ to indicate sourceMappingURL pragmas is deprecated. Use //# instead
JavaScript warning: http://123.57.140.190/themes/manage/js/jquery.js, line 2: Using //@ to indicate sourceMappingURL pragmas is deprecated. Use //# instead
JavaScript error: http://123.57.140.190/themes/manage/js/common-scripts.js, line 19: TypeError: $.slidebars is not a function
JavaScript error: http://123.57.140.190/themes/manage/js/common-scripts.js, line 19: TypeError: $.slidebars is not a function
JavaScript warning: http://123.57.140.190/themes/manage/layer/jquery-1.9.1.min.js, line 2: Using //@ to indicate sourceMappingURL pragmas is deprecated. Use //# instead
JavaScript warning: http://123.57.140.190/themes/manage/js/jquery.js, line 2: Using //@ to indicate sourceMappingURL pragmas is deprecated. Use //# instead
JavaScript error: http://123.57.140.190/themes/manage/js/common-scripts.js, line 19: TypeError: $.slidebars is not a function
JavaScript warning: http://123.57.140.190/themes/manage/js/jquery.js, line 2: Using //@ to indicate sourceMappingURL pragmas is deprecated. Use //# instead
JavaScript error: http://123.57.140.190/themes/manage/js/common-scripts.js, line 19: TypeError: $.slidebars is not a function
console.error: (new TypeError("currentNode is null", "resource://devtools/client/inspector/shared/style-change-tracker.js", 66))
TypeError: currentNode is null: canMutationImpactCurrentStyles@resource://devtools/client/inspector/shared/style-change-tracker.js:66:20
onMutations@resource://devtools/client/inspector/shared/style-change-tracker.js:84:41
_emit@resource://devtools/shared/event-emitter.js:226:34
emit@resource://devtools/shared/event-emitter.js:172:18
emit@resource://devtools/shared/event-emitter.js:324:18
getMutations@resource://devtools/client/fronts/walker.js:405:10

JavaScript warning: http://123.57.140.190/themes/manage/js/jquery.js, line 2: Using //@ to indicate sourceMappingURL pragmas is deprecated. Use //# instead
JavaScript error: http://123.57.140.190/themes/manage/js/common-scripts.js, line 19: TypeError: $.slidebars is not a function
JavaScript error: http://123.57.140.190/themes/manage/js/common-scripts.js, line 19: TypeError: $.slidebars is not a function
JavaScript error: resource://gre/modules/XULStore.jsm, line 66: Error: Can't find profile directory.
JavaScript error: resource://gre/modules/XULStore.jsm, line 66: Error: Can't find profile directory.
JavaScript warning: resource://devtools/server/actors/inspector/event-collector.js, line 530: debuggee 'http://123.57.140.190/themes/manage/js/jquery.js:5' would run
JavaScript error: http://123.57.140.190/themes/manage/js/common-scripts.js, line 19: TypeError: $.slidebars is not a function
JavaScript error: http://123.57.140.190/themes/manage/js/common-scripts.js, line 19: TypeError: $.slidebars is not a function
JavaScript error: http://123.57.140.190/themes/manage/js/common-scripts.js, line 19: TypeError: $.slidebars is not a function
JavaScript error: http://123.57.140.190/themes/manage/js/common-scripts.js, line 19: TypeError: $.slidebars is not a function
console.error: (new TypeError("currentNode is null", "resource://devtools/client/inspector/shared/style-change-tracker.js", 66))
TypeError: currentNode is null: canMutationImpactCurrentStyles@resource://devtools/client/inspector/shared/style-change-tracker.js:66:20
onMutations@resource://devtools/client/inspector/shared/style-change-tracker.js:84:41
_emit@resource://devtools/shared/event-emitter.js:226:34
emit@resource://devtools/shared/event-emitter.js:172:18
emit@resource://devtools/shared/event-emitter.js:324:18
getMutations@resource://devtools/client/fronts/walker.js:405:10

JavaScript error: http://123.57.140.190/themes/manage/js/common-scripts.js, line 19: TypeError: $.slidebars is not a function
console.error: "Error while calling actor 'inspector's method 'supportsHighlighters'" "doc.documentElement is null"
console.error: "supportsHighlighters@resource://devtools/server/actors/inspector/inspector.js:345:16\nhandler@resource://devtools/shared/protocol/Actor.js:172:37\nonPacket@resource://devtools/server/devtools-server-connection.js:379:58\nreceiveMessage@resource://devtools/shared/transport/child-transport.js:66:16\n"
console.error: (new Error("Protocol error (TypeError): doc.documentElement is null from: server0.conn0.child2/inspectorActor3 (resource://devtools/server/actors/inspector/inspector.js:345:16)", "resource://devtools/shared/protocol/Front.js", 341))
console.error: "Error while calling actor 'pagestyle's method 'getApplied'" "CssLogic.getComputedStyle(...) is null"
console.error: "_nodeIsListItem@resource://devtools/server/actors/styles.js:716:30\n_pseudoIsRelevant@resource://devtools/server/actors/styles.js:731:21\n_getAllElementRules@resource://devtools/server/actors/styles.js:679:18\ngetApplied@resource://devtools/server/actors/styles.js:575:12\nhandler@resource://devtools/shared/protocol/Actor.js:172:37\nonPacket@resource://devtools/server/devtools-server-connection.js:379:58\nreceiveMessage@resource://devtools/shared/transport/child-transport.js:66:16\n"
console.error: (new Error("Protocol error (TypeError): CssLogic.getComputedStyle(...) is null from: server0.conn0.child2/pagestyle26 (resource://devtools/server/actors/styles.js:716:30)", "resource://devtools/shared/protocol/Front.js", 341))
console.error: (new Error("Protocol error (TypeError): CssLogic.getComputedStyle(...) is null from: server0.conn0.child2/pagestyle26 (resource://devtools/server/actors/styles.js:716:30)", "resource://devtools/shared/protocol/Front.js", 341))
console.error: (new Error("Protocol error (TypeError): CssLogic.getComputedStyle(...) is null from: server0.conn0.child2/pagestyle26 (resource://devtools/server/actors/styles.js:716:30)", "resource://devtools/shared/protocol/Front.js", 341))
console.error: "Error writing response to: children"
console.error: "Error while calling actor 'domwalker's method 'children'" "Component returned failure code: 0x80070057 (NS_ERROR_ILLEGAL_VALUE) [nsIEventListenerService.getListenerInfoFor]"
console.error: "getDOMListeners@resource://devtools/server/actors/inspector/event-collector.js:266:22\ngetListeners@resource://devtools/server/actors/inspector/event-collector.js:334:28\nhasListeners@resource://devtools/server/actors/inspector/event-collector.js:227:17\nhasEventListeners@resource://devtools/server/actors/inspector/event-collector.js:800:21\nget _hasEventListeners@resource://devtools/server/actors/inspector/node.js:390:33\nform@resource://devtools/server/actors/inspector/node.js:212:7\nwrite@resource://devtools/shared/protocol/types.js:363:32\ntypes.addArrayType/write/<@resource://devtools/shared/protocol/types.js:220:33\nwrite@resource://devtools/shared/protocol/types.js:220:16\nwrite@resource://devtools/shared/protocol/types.js:268:39\nwrite@resource://devtools/shared/protocol/Response.js:102:22\nwrite@resource://devtools/shared/protocol/Response.js:47:28\nsendReturn@resource://devtools/shared/protocol/Actor.js:189:38\n"
console.error: (new Error("Protocol error (NS_ERROR_ILLEGAL_VALUE): Component returned failure code: 0x80070057 (NS_ERROR_ILLEGAL_VALUE) [nsIEventListenerService.getListenerInfoFor] from: server0.conn0.child2/domwalker24 (resource://devtools/server/actors/inspector/event-collector.js:266:0)", "resource://devtools/shared/protocol/Front.js", 341))
JavaScript error: http://123.57.140.190/themes/manage/js/common-scripts.js, line 19: TypeError: $.slidebars is not a function
JavaScript error: http://123.57.140.190/themes/manage/js/common-scripts.js, line 19: TypeError: $.slidebars is not a function
console.error: "Error while calling actor 'domnode's method 'getAllSelectors'" "ele.ownerGlobal is null"
console.error: "findCssSelector@resource://devtools/shared/inspector/css-logic.js:595:21\nfindAllCssSelectors@resource://devtools/shared/inspector/css-logic.js:688:23\ngetAllSelectors@resource://devtools/server/actors/inspector/node.js:518:12\nhandler@resource://devtools/shared/protocol/Actor.js:172:37\nonPacket@resource://devtools/server/devtools-server-connection.js:379:58\nreceiveMessage@resource://devtools/shared/transport/child-transport.js:66:16\n"
console.error: (new Error("Protocol error (TypeError): ele.ownerGlobal is null from: server0.conn0.child2/domnode7692 (resource://devtools/shared/inspector/css-logic.js:595:21)", "resource://devtools/shared/protocol/Front.js", 341))
console.error: "Error while calling actor 'pagestyle's method 'getApplied'" "CssLogic.getComputedStyle(...) is null"
console.error: "_nodeIsListItem@resource://devtools/server/actors/styles.js:716:30\n_pseudoIsRelevant@resource://devtools/server/actors/styles.js:731:21\n_getAllElementRules@resource://devtools/server/actors/styles.js:679:18\ngetApplied@resource://devtools/server/actors/styles.js:575:12\nhandler@resource://devtools/shared/protocol/Actor.js:172:37\nonPacket@resource://devtools/server/devtools-server-connection.js:379:58\nreceiveMessage@resource://devtools/shared/transport/child-transport.js:66:16\n"
console.error: "Error writing response to: children"
console.error: "Error while calling actor 'domwalker's method 'children'" "Component returned failure code: 0x80070057 (NS_ERROR_ILLEGAL_VALUE) [nsIEventListenerService.getListenerInfoFor]"
console.error: "getDOMListeners@resource://devtools/server/actors/inspector/event-collector.js:266:22\ngetListeners@resource://devtools/server/actors/inspector/event-collector.js:334:28\nhasListeners@resource://devtools/server/actors/inspector/event-collector.js:227:17\nhasEventListeners@resource://devtools/server/actors/inspector/event-collector.js:800:21\nget _hasEventListeners@resource://devtools/server/actors/inspector/node.js:390:33\nform@resource://devtools/server/actors/inspector/node.js:212:7\nwrite@resource://devtools/shared/protocol/types.js:363:32\ntypes.addArrayType/write/<@resource://devtools/shared/protocol/types.js:220:33\nwrite@resource://devtools/shared/protocol/types.js:220:16\nwrite@resource://devtools/shared/protocol/types.js:268:39\nwrite@resource://devtools/shared/protocol/Response.js:102:22\nwrite@resource://devtools/shared/protocol/Response.js:47:28\nsendReturn@resource://devtools/shared/protocol/Actor.js:189:38\n"
console.error: (new Error("Protocol error (TypeError): CssLogic.getComputedStyle(...) is null from: server0.conn0.child2/pagestyle26 (resource://devtools/server/actors/styles.js:716:30)", "resource://devtools/shared/protocol/Front.js", 341))
console.error: (new Error("Protocol error (TypeError): CssLogic.getComputedStyle(...) is null from: server0.conn0.child2/pagestyle26 (resource://devtools/server/actors/styles.js:716:30)", "resource://devtools/shared/protocol/Front.js", 341))
console.error: (new Error("Protocol error (TypeError): CssLogic.getComputedStyle(...) is null from: server0.conn0.child2/pagestyle26 (resource://devtools/server/actors/styles.js:716:30)", "resource://devtools/shared/protocol/Front.js", 341))
console.error: (new Error("Protocol error (NS_ERROR_ILLEGAL_VALUE): Component returned failure code: 0x80070057 (NS_ERROR_ILLEGAL_VALUE) [nsIEventListenerService.getListenerInfoFor] from: server0.conn0.child2/domwalker24 (resource://devtools/server/actors/inspector/event-collector.js:266:0)", "resource://devtools/shared/protocol/Front.js", 341))
console.error: "Error sending event: display-change"
console.error: ({})
[Exception... "Component returned failure code: 0x80070057 (NS_ERROR_ILLEGAL_VALUE) [nsIEventListenerService.getListenerInfoFor]"  nsresult: "0x80070057 (NS_ERROR_ILLEGAL_VALUE)"  location: "JS frame :: resource://devtools/server/actors/inspector/event-collector.js :: getDOMListeners :: line 266"  data: no]: getDOMListeners@resource://devtools/server/actors/inspector/event-collector.js:266:22
getListeners@resource://devtools/server/actors/inspector/event-collector.js:334:28
hasListeners@resource://devtools/server/actors/inspector/event-collector.js:227:17
hasEventListeners@resource://devtools/server/actors/inspector/event-collector.js:800:21
get _hasEventListeners@resource://devtools/server/actors/inspector/node.js:390:33
form@resource://devtools/server/actors/inspector/node.js:212:7
write@resource://devtools/shared/protocol/types.js:363:32
types.addArrayType/write/<@resource://devtools/shared/protocol/types.js:220:33
write@resource://devtools/shared/protocol/types.js:220:16
write@resource://devtools/shared/protocol/Request.js:117:22
write@resource://devtools/shared/protocol/Request.js:43:26
_sendEvent@resource://devtools/shared/protocol/Actor.js:66:24
initialize/<@resource://devtools/shared/protocol/Actor.js:46:16
_emit@resource://devtools/shared/event-emitter.js:226:34
emit@resource://devtools/shared/event-emitter.js:172:18
emit@resource://devtools/shared/event-emitter.js:324:18
_onReflows@resource://devtools/server/actors/inspector/walker.js:600:12
_emit@resource://devtools/shared/event-emitter.js:226:34
emit@resource://devtools/shared/event-emitter.js:172:18
emit@resource://devtools/shared/event-emitter.js:324:18
_startEventLoop@resource://devtools/server/actors/reflow.js:314:12
notify@resource://gre/modules/Timer.jsm:62:17

JavaScript error: http://123.57.140.190/themes/manage/js/common-scripts.js, line 19: TypeError: $.slidebars is not a function
1604978957715	Marionette	INFO	Stopped listening on port 2629

###!!! [Child][RunMessage] Error: Channel closing: too late to send/recv, messages will be lost


###!!! [Child][MessageChannel::SendAndWait] Error: Channel error: cannot send/recv

1605755193091	mozrunner::runner	INFO	Running command: "C:\\Program Files\\Mozilla Firefox\\firefox.exe" "-marionette" "-foreground" "-no-remote" "-profile" "C:\\Users\\ADMINI~1\\AppData\\Local\\Temp\\rust_mozprofileuRyO3W"
JavaScript error: resource://gre/modules/XULStore.jsm, line 66: Error: Can't find profile directory.
console.warn: SearchSettings: "get: No settings file exists, new profile?" (new Error("", "(unknown module)"))
1605755198584	Marionette	INFO	Listening on port 2699
1605755198804	Marionette	WARN	TLS certificate errors will be ignored for this session
JavaScript warning: http://123.57.140.190/themes/manage/layer/jquery-1.9.1.min.js, line 2: Using //@ to indicate sourceMappingURL pragmas is deprecated. Use //# instead
JavaScript warning: http://123.57.140.190/themes/manage/layer/jquery-1.9.1.min.js, line 2: Using //@ to indicate sourceMappingURL pragmas is deprecated. Use //# instead
JavaScript warning: http://123.57.140.190/themes/manage/layer/jquery-1.9.1.min.js, line 2: Using //@ to indicate sourceMappingURL pragmas is deprecated. Use //# instead
JavaScript warning: http://123.57.140.190/themes/manage/js/jquery.js, line 2: Using //@ to indicate sourceMappingURL pragmas is deprecated. Use //# instead
JavaScript error: http://123.57.140.190/themes/manage/js/common-scripts.js, line 19: TypeError: $.slidebars is not a function
1605755218003	Marionette	INFO	Stopped listening on port 2699

###!!! [Child][RunMessage] Error: Channel closing: too late to send/recv, messages will be lost


###!!! [Child][MessageChannel::SendAndWait] Error: Channel error: cannot send/recv

